2017-11-15 19:37:16,596 [main] INFO  c.g.t.t.d.PublishedGradleVersions - Gradle version information cache file is out-of-date. Remote download required.
2017-11-15 19:43:28,248 [main] INFO  c.g.t.t.d.PublishedGradleVersions - Gradle version information cache file is not out-of-date. No remote download required.
2017-11-17 06:52:04,195 [main] INFO  c.g.t.t.d.PublishedGradleVersions - Gradle version information cache file is out-of-date. Remote download required.
2017-11-17 19:08:13,076 [main] INFO  c.g.t.t.d.PublishedGradleVersions - Gradle version information cache file is out-of-date. Remote download required.
2017-11-17 19:17:28,103 [main] INFO  c.g.t.t.d.PublishedGradleVersions - Gradle version information cache file is not out-of-date. No remote download required.
2017-11-17 20:40:50,887 [main] INFO  c.g.t.t.d.PublishedGradleVersions - Gradle version information cache file is not out-of-date. No remote download required.
2017-11-17 21:56:07,454 [main] INFO  c.g.t.t.d.PublishedGradleVersions - Gradle version information cache file is not out-of-date. No remote download required.
2017-11-20 21:06:26,924 [main] INFO  c.g.t.t.d.PublishedGradleVersions - Gradle version information cache file is out-of-date. Remote download required.
2017-11-20 21:39:33,686 [main] INFO  c.g.t.t.d.PublishedGradleVersions - Gradle version information cache file is not out-of-date. No remote download required.
2017-11-21 22:58:19,557 [main] INFO  c.g.t.t.d.PublishedGradleVersions - Gradle version information cache file is out-of-date. Remote download required.
2017-11-22 18:39:21,948 [main] INFO  c.g.t.t.d.PublishedGradleVersions - Gradle version information cache file is out-of-date. Remote download required.
2017-11-22 19:43:04,358 [main] INFO  c.g.t.t.d.PublishedGradleVersions - Gradle version information cache file is not out-of-date. No remote download required.
2017-11-24 18:37:51,486 [main] INFO  c.g.t.t.d.PublishedGradleVersions - Gradle version information cache file is out-of-date. Remote download required.
2017-11-26 20:03:47,200 [main] INFO  c.g.t.t.d.PublishedGradleVersions - Gradle version information cache file is not out-of-date. No remote download required.
2017-11-27 18:43:14,011 [main] INFO  c.g.t.t.d.PublishedGradleVersions - Gradle version information cache file is out-of-date. Remote download required.
2017-11-27 19:08:47,896 [main] INFO  c.g.t.t.d.PublishedGradleVersions - Gradle version information cache file is not out-of-date. No remote download required.
2017-11-29 18:37:43,660 [main] INFO  c.g.t.t.d.PublishedGradleVersions - Gradle version information cache file is out-of-date. Remote download required.
2017-11-29 21:21:08,059 [Worker-41] ERROR o.e.m.i.l.MavenConsoleLineTracker - file:/E:/◆Internous/結城/login/workspace/.metadata/.plugins/org.eclipse.debug.core/.launches/ローカル・ホスト%20の%20Tomcat8%20(Java8).launch に起動構成 ローカル・ホスト の Tomcat8 (Java8) が存在しません。
org.eclipse.debug.core.DebugException: file:/E:/◆Internous/結城/login/workspace/.metadata/.plugins/org.eclipse.debug.core/.launches/ローカル・ホスト%20の%20Tomcat8%20(Java8).launch に起動構成 ローカル・ホスト の Tomcat8 (Java8) が存在しません。
	at org.eclipse.debug.internal.core.LaunchManager.createDebugException(LaunchManager.java:930) ~[org.eclipse.debug.core_3.10.0.v20150303-1130.jar:na]
	at org.eclipse.debug.internal.core.LaunchManager.getInfo(LaunchManager.java:1400) ~[org.eclipse.debug.core_3.10.0.v20150303-1130.jar:na]
	at org.eclipse.debug.internal.core.LaunchConfiguration.getInfo(LaunchConfiguration.java:470) ~[org.eclipse.debug.core_3.10.0.v20150303-1130.jar:na]
	at org.eclipse.debug.internal.core.LaunchConfiguration.getType(LaunchConfiguration.java:640) ~[org.eclipse.debug.core_3.10.0.v20150303-1130.jar:na]
	at org.eclipse.m2e.internal.launch.MavenConsoleLineTracker.isMavenProcess(MavenConsoleLineTracker.java:142) [org.eclipse.m2e.launching_1.6.2.20150902-0002.jar:na]
	at org.eclipse.m2e.internal.launch.MavenConsoleLineTracker.lineAppended(MavenConsoleLineTracker.java:85) [org.eclipse.m2e.launching_1.6.2.20150902-0002.jar:na]
	at org.eclipse.debug.internal.ui.views.console.ConsoleLineNotifier.lineAppended(ConsoleLineNotifier.java:130) [org.eclipse.debug.ui_3.11.101.v20160203-1230.jar:na]
	at org.eclipse.debug.internal.ui.views.console.ConsoleLineNotifier.matchFound(ConsoleLineNotifier.java:122) [org.eclipse.debug.ui_3.11.101.v20160203-1230.jar:na]
	at org.eclipse.ui.internal.console.ConsolePatternMatcher$MatchJob.run(ConsolePatternMatcher.java:137) [org.eclipse.ui.console_3.6.100.v20150822-1912.jar:na]
	at org.eclipse.core.internal.jobs.Worker.run(Worker.java:55) [org.eclipse.core.jobs_3.7.0.v20150330-2103.jar:na]
